CPU Reset (CPU 0)
EAX=00000000 EBX=00000000 ECX=00000000 EDX=00000000
ESI=00000000 EDI=00000000 EBP=00000000 ESP=00000000
EIP=00000000 EFL=00000000 [-------] CPL=0 II=0 A20=0 SMM=0 HLT=0
ES =0000 00000000 00000000 00000000
CS =0000 00000000 00000000 00000000
SS =0000 00000000 00000000 00000000
DS =0000 00000000 00000000 00000000
FS =0000 00000000 00000000 00000000
GS =0000 00000000 00000000 00000000
LDT=0000 00000000 00000000 00000000
TR =0000 00000000 00000000 00000000
GDT=     00000000 00000000
IDT=     00000000 00000000
CR0=00000000 CR2=00000000 CR3=00000000 CR4=00000000
DR0=00000000 DR1=00000000 DR2=00000000 DR3=00000000 
DR6=00000000 DR7=00000000
CCS=00000000 CCD=00000000 CCO=DYNAMIC 
EFER=0000000000000000
FCW=0000 FSW=0000 [ST=0] FTW=ff MXCSR=00000000
FPR0=0000000000000000 0000 FPR1=0000000000000000 0000
FPR2=0000000000000000 0000 FPR3=0000000000000000 0000
FPR4=0000000000000000 0000 FPR5=0000000000000000 0000
FPR6=0000000000000000 0000 FPR7=0000000000000000 0000
XMM00=00000000000000000000000000000000 XMM01=00000000000000000000000000000000
XMM02=00000000000000000000000000000000 XMM03=00000000000000000000000000000000
XMM04=00000000000000000000000000000000 XMM05=00000000000000000000000000000000
XMM06=00000000000000000000000000000000 XMM07=00000000000000000000000000000000
CR0 update: CR0=0x60000010
CPU Reset (CPU 0)
EAX=00000000 EBX=00000000 ECX=00000000 EDX=00000663
ESI=00000000 EDI=00000000 EBP=00000000 ESP=00000000
EIP=0000fff0 EFL=00000002 [-------] CPL=0 II=0 A20=1 SMM=0 HLT=0
ES =0000 00000000 0000ffff 00009300
CS =f000 ffff0000 0000ffff 00009b00
SS =0000 00000000 0000ffff 00009300
DS =0000 00000000 0000ffff 00009300
FS =0000 00000000 0000ffff 00009300
GS =0000 00000000 0000ffff 00009300
LDT=0000 00000000 0000ffff 00008200
TR =0000 00000000 0000ffff 00008b00
GDT=     00000000 0000ffff
IDT=     00000000 0000ffff
CR0=60000010 CR2=00000000 CR3=00000000 CR4=00000000
DR0=00000000 DR1=00000000 DR2=00000000 DR3=00000000 
DR6=ffff0ff0 DR7=00000400
CCS=00000000 CCD=00000000 CCO=DYNAMIC 
EFER=0000000000000000
FCW=037f FSW=0000 [ST=0] FTW=00 MXCSR=00001f80
FPR0=0000000000000000 0000 FPR1=0000000000000000 0000
FPR2=0000000000000000 0000 FPR3=0000000000000000 0000
FPR4=0000000000000000 0000 FPR5=0000000000000000 0000
FPR6=0000000000000000 0000 FPR7=0000000000000000 0000
XMM00=00000000000000000000000000000000 XMM01=00000000000000000000000000000000
XMM02=00000000000000000000000000000000 XMM03=00000000000000000000000000000000
XMM04=00000000000000000000000000000000 XMM05=00000000000000000000000000000000
XMM06=00000000000000000000000000000000 XMM07=00000000000000000000000000000000
CR0 update: CR0=0x60000010
CR0 update: CR0=0x00000011
SMM: enter
EAX=00000001 EBX=0000000b ECX=02000000 EDX=02000628
ESI=00000000 EDI=02000000 EBP=07fab910 ESP=00006d2c
EIP=000ee54b EFL=00000002 [-------] CPL=0 II=0 A20=1 SMM=0 HLT=0
ES =0010 00000000 ffffffff 00cf9300 DPL=0 DS   [-WA]
CS =0008 00000000 ffffffff 00cf9b00 DPL=0 CS32 [-RA]
SS =0010 00000000 ffffffff 00cf9300 DPL=0 DS   [-WA]
DS =0010 00000000 ffffffff 00cf9300 DPL=0 DS   [-WA]
FS =0010 00000000 ffffffff 00cf9300 DPL=0 DS   [-WA]
GS =0010 00000000 ffffffff 00cf9300 DPL=0 DS   [-WA]
LDT=0000 00000000 0000ffff 00008200 DPL=0 LDT
TR =0000 00000000 0000ffff 00008b00 DPL=0 TSS32-busy
GDT=     000f7070 00000037
IDT=     000f70ae 00000000
CR0=00000011 CR2=00000000 CR3=00000000 CR4=00000000
DR0=00000000 DR1=00000000 DR2=00000000 DR3=00000000 
DR6=ffff0ff0 DR7=00000400
CCS=00000084 CCD=00000001 CCO=LOGICB  
EFER=0000000000000000
CR0 update: CR0=0x00000010
CR0 update: CR0=0x00000011
CR0 update: CR0=0x00000011
SMM: after RSM
EAX=00000001 EBX=0000000b ECX=02000000 EDX=02000628
ESI=00000000 EDI=02000000 EBP=07fab910 ESP=00006d2c
EIP=000ee54b EFL=00000002 [-------] CPL=0 II=0 A20=1 SMM=0 HLT=0
ES =0010 00000000 ffffffff 00c09300 DPL=0 DS   [-WA]
CS =0008 00000000 ffffffff 00c09b00 DPL=0 CS32 [-RA]
SS =0010 00000000 ffffffff 00c09300 DPL=0 DS   [-WA]
DS =0010 00000000 ffffffff 00c09300 DPL=0 DS   [-WA]
FS =0010 00000000 ffffffff 00c09300 DPL=0 DS   [-WA]
GS =0010 00000000 ffffffff 00c09300 DPL=0 DS   [-WA]
LDT=0000 00000000 0000ffff 00008200 DPL=0 LDT
TR =0000 00000000 0000ffff 00008b00 DPL=0 TSS32-busy
GDT=     000f7070 00000037
IDT=     000f70ae 00000000
CR0=00000011 CR2=00000000 CR3=00000000 CR4=00000000
DR0=00000000 DR1=00000000 DR2=00000000 DR3=00000000 
DR6=ffff0ff0 DR7=00000400
CCS=00000000 CCD=00000000 CCO=EFLAGS  
EFER=0000000000000000
CR0 update: CR0=0x00000010
A20 update: a20=0
A20 update: a20=1
CR0 update: CR0=0x00000011
CR0 update: CR0=0x00000010
A20 update: a20=0
A20 update: a20=1
CR0 update: CR0=0x00000011
CR0 update: CR0=0x00000010
A20 update: a20=0
A20 update: a20=1
CR0 update: CR0=0x00000011
CR0 update: CR0=0x00000010
A20 update: a20=0
A20 update: a20=1
CR0 update: CR0=0x00000011
CR0 update: CR0=0x00000010
A20 update: a20=0
A20 update: a20=1
CR0 update: CR0=0x00000011
CR0 update: CR0=0x00000010
A20 update: a20=0
A20 update: a20=1
CR0 update: CR0=0x00000011
CR0 update: CR0=0x00000010
A20 update: a20=0
A20 update: a20=1
CR0 update: CR0=0x00000011
CR0 update: CR0=0x00000010
A20 update: a20=0
A20 update: a20=1
CR0 update: CR0=0x00000011
CR0 update: CR0=0x00000010
A20 update: a20=0
A20 update: a20=1
CR0 update: CR0=0x00000011
CR0 update: CR0=0x00000010
A20 update: a20=0
A20 update: a20=1
CR0 update: CR0=0x00000011
CR0 update: CR0=0x00000010
A20 update: a20=0
A20 update: a20=1
CR0 update: CR0=0x00000011
CR0 update: CR0=0x00000010
A20 update: a20=0
A20 update: a20=1
CR0 update: CR0=0x00000011
CR0 update: CR0=0x00000010
A20 update: a20=0
A20 update: a20=1
CR0 update: CR0=0x00000011
CR0 update: CR0=0x00000010
A20 update: a20=0
A20 update: a20=1
CR0 update: CR0=0x00000011
CR0 update: CR0=0x00000010
A20 update: a20=0
A20 update: a20=1
CR0 update: CR0=0x00000011
CR0 update: CR0=0x00000010
A20 update: a20=0
A20 update: a20=1
CR0 update: CR0=0x00000011
CR0 update: CR0=0x00000010
A20 update: a20=0
A20 update: a20=1
CR0 update: CR0=0x00000011
CR0 update: CR0=0x00000010
A20 update: a20=0
A20 update: a20=1
CR0 update: CR0=0x00000011
CR0 update: CR0=0x00000010
A20 update: a20=0
A20 update: a20=1
CR0 update: CR0=0x00000011
CR0 update: CR0=0x00000010
A20 update: a20=0
A20 update: a20=1
CR0 update: CR0=0x00000011
CR0 update: CR0=0x00000010
A20 update: a20=0
A20 update: a20=1
CR0 update: CR0=0x00000011
CR0 update: CR0=0x00000010
SMM: enter
EAX=000000b5 EBX=000f8ab2 ECX=00001234 EDX=0000de00
ESI=07fbde30 EDI=00006c78 EBP=00006c38 ESP=00006c38
EIP=00008ab1 EFL=00000002 [-------] CPL=0 II=0 A20=1 SMM=0 HLT=0
ES =de00 000de000 ffffffff 008f9300
CS =f000 000f0000 ffffffff 008f9b00
SS =0000 00000000 ffffffff 008f9300
DS =0000 00000000 ffffffff 008f9300
FS =0000 00000000 ffffffff 008f9300
GS =0000 00000000 ffffffff 008f9300
LDT=0000 00000000 0000ffff 00008200
TR =0000 00000000 0000ffff 00008b00
GDT=     00000000 00000000
IDT=     00000000 000003ff
CR0=00000010 CR2=00000000 CR3=00000000 CR4=00000000
DR0=00000000 DR1=00000000 DR2=00000000 DR3=00000000 
DR6=ffff0ff0 DR7=00000400
CCS=00000000 CCD=00006c38 CCO=EFLAGS  
EFER=0000000000000000
CR0 update: CR0=0x00000010
CR0 update: CR0=0x00000011
CR0 update: CR0=0x00000011
SMM: after RSM
EAX=000000b5 EBX=000f8ab2 ECX=00001234 EDX=0000de00
ESI=07fbde30 EDI=00006c78 EBP=00006c38 ESP=00006c38
EIP=000f8ab2 EFL=00000002 [-------] CPL=0 II=0 A20=1 SMM=0 HLT=0
ES =0010 00000000 ffffffff 00c09300 DPL=0 DS   [-WA]
CS =0008 00000000 ffffffff 00c09b00 DPL=0 CS32 [-RA]
SS =0010 00000000 ffffffff 00c09300 DPL=0 DS   [-WA]
DS =0010 00000000 ffffffff 00c09300 DPL=0 DS   [-WA]
FS =0010 00000000 ffffffff 00c09300 DPL=0 DS   [-WA]
GS =0010 00000000 ffffffff 00c09300 DPL=0 DS   [-WA]
LDT=0000 00000000 0000ffff 00008200 DPL=0 LDT
TR =0000 00000000 0000ffff 00008b00 DPL=0 TSS32-busy
GDT=     000f7070 00000037
IDT=     000f70ae 00000000
CR0=00000011 CR2=00000000 CR3=00000000 CR4=00000000
DR0=00000000 DR1=00000000 DR2=00000000 DR3=00000000 
DR6=ffff0ff0 DR7=00000400
CCS=00000000 CCD=00000000 CCO=EFLAGS  
EFER=0000000000000000
SMM: enter
EAX=000000b5 EBX=00008acc ECX=00005678 EDX=000ecf30
ESI=07fbde30 EDI=000ecf30 EBP=00006c38 ESP=00006c38
EIP=000f8acb EFL=00000016 [----AP-] CPL=0 II=0 A20=1 SMM=0 HLT=0
ES =0010 00000000 ffffffff 00c09300 DPL=0 DS   [-WA]
CS =0008 00000000 ffffffff 00c09b00 DPL=0 CS32 [-RA]
SS =0010 00000000 ffffffff 00c09300 DPL=0 DS   [-WA]
DS =0010 00000000 ffffffff 00c09300 DPL=0 DS   [-WA]
FS =0010 00000000 ffffffff 00c09300 DPL=0 DS   [-WA]
GS =0010 00000000 ffffffff 00c09300 DPL=0 DS   [-WA]
LDT=0000 00000000 0000ffff 00008200 DPL=0 LDT
TR =0000 00000000 0000ffff 00008b00 DPL=0 TSS32-busy
GDT=     000f7070 00000037
IDT=     000f70ae 00000000
CR0=00000011 CR2=00000000 CR3=00000000 CR4=00000000
DR0=00000000 DR1=00000000 DR2=00000000 DR3=00000000 
DR6=ffff0ff0 DR7=00000400
CCS=00000014 CCD=00006c24 CCO=EFLAGS  
EFER=0000000000000000
CR0 update: CR0=0x00000010
CR0 update: CR0=0x00000011
CR0 update: CR0=0x00000010
SMM: after RSM
EAX=000000b5 EBX=00008acc ECX=00005678 EDX=000ecf30
ESI=07fbde30 EDI=000ecf30 EBP=00006c38 ESP=00006c38
EIP=00008acc EFL=00000002 [-------] CPL=0 II=0 A20=1 SMM=0 HLT=0
ES =de00 000de000 ffffffff 00809300
CS =f000 000f0000 ffffffff 00809b00
SS =0000 00000000 ffffffff 00809300
DS =0000 00000000 ffffffff 00809300
FS =0000 00000000 ffffffff 00809300
GS =0000 00000000 ffffffff 00809300
LDT=0000 00000000 0000ffff 00008200
TR =0000 00000000 0000ffff 00008b00
GDT=     00000000 00000000
IDT=     00000000 000003ff
CR0=00000010 CR2=00000000 CR3=00000000 CR4=00000000
DR0=00000000 DR1=00000000 DR2=00000000 DR3=00000000 
DR6=ffff0ff0 DR7=00000400
CCS=00000000 CCD=00000000 CCO=EFLAGS  
EFER=0000000000000000
CR0 update: CR0=0x00000011
CR0 update: CR0=0x00000010
CR0 update: CR0=0x00000011
CR0 update: CR0=0x00000010
CR0 update: CR0=0x00000011
CR0 update: CR0=0x00000010
CR0 update: CR0=0x00000011
CR0 update: CR0=0x00000010
CR0 update: CR0=0x00000011
CR0 update: CR0=0x00000010
CR0 update: CR0=0x00000011
CR0 update: CR0=0x00000010
CR0 update: CR0=0x00000011
CR0 update: CR0=0x00000010
CR0 update: CR0=0x00000011
CR0 update: CR0=0x00000010
CR0 update: CR0=0x00000011
CR0 update: CR0=0x00000010
CR0 update: CR0=0x00000011
CR0 update: CR0=0x00000010
CR0 update: CR0=0x00000011
CR0 update: CR0=0x00000010
CR0 update: CR0=0x00000011
CR0 update: CR0=0x00000010
CR0 update: CR0=0x00000011
CR0 update: CR0=0x00000010
CR0 update: CR0=0x00000011
CR0 update: CR0=0x00000010
CR0 update: CR0=0x00000011
CR0 update: CR0=0x00000010
CR0 update: CR0=0x00000011
CR0 update: CR0=0x00000010
CR0 update: CR0=0x00000011
CR0 update: CR0=0x00000010
CR0 update: CR0=0x00000011
CR0 update: CR0=0x00000010
CR0 update: CR0=0x00000011
CR0 update: CR0=0x00000010
CR0 update: CR0=0x00000011
CR0 update: CR0=0x00000010
CR0 update: CR0=0x00000011
CR0 update: CR0=0x00000010
CR0 update: CR0=0x00000011
CR0 update: CR0=0x00000010
CR0 update: CR0=0x00000011
CR0 update: CR0=0x00000010
CR0 update: CR0=0x00000011
CR0 update: CR0=0x00000010
CR0 update: CR0=0x00000011
CR0 update: CR0=0x00000010
CR0 update: CR0=0x00000011
CR0 update: CR0=0x00000010
CR0 update: CR0=0x00000011
CR0 update: CR0=0x00000010
CR0 update: CR0=0x00000011
CR0 update: CR0=0x00000010
CR0 update: CR0=0x00000011
CR0 update: CR0=0x00000010
CR0 update: CR0=0x00000011
CR0 update: CR0=0x00000010
CR0 update: CR0=0x00000011
CR0 update: CR0=0x00000010
CR0 update: CR0=0x00000011
CR0 update: CR0=0x00000010
CR0 update: CR0=0x00000011
CR0 update: CR0=0x00000010
CR0 update: CR0=0x00000011
CR0 update: CR0=0x00000010
CR0 update: CR0=0x00000011
CR0 update: CR0=0x00000010
CR0 update: CR0=0x00000011
CR0 update: CR0=0x00000010
CR0 update: CR0=0x00000011
CR0 update: CR0=0x00000010
CR0 update: CR0=0x00000011
CR0 update: CR0=0x00000010
CR0 update: CR0=0x00000011
CR0 update: CR0=0x00000010
CR0 update: CR0=0x00000011
CR0 update: CR0=0x00000010
CR0 update: CR0=0x00000011
CR0 update: CR0=0x00000010
CR0 update: CR0=0x00000011
CR0 update: CR0=0x00000010
CR0 update: CR0=0x00000011
CR0 update: CR0=0x00000010
CR0 update: CR0=0x00000011
CR0 update: CR0=0x00000010
CR0 update: CR0=0x00000011
CR0 update: CR0=0x00000010
CR0 update: CR0=0x00000011
CR0 update: CR0=0x00000010
CR0 update: CR0=0x00000011
CR0 update: CR0=0x00000010
CR0 update: CR0=0x00000011
CR0 update: CR0=0x00000010
CR0 update: CR0=0x00000011
CR0 update: CR0=0x00000010
CR0 update: CR0=0x00000011
CR0 update: CR0=0x00000010
CR0 update: CR0=0x00000011
CR0 update: CR0=0x00000010
CR0 update: CR0=0x00000011
CR0 update: CR0=0x00000010
CR0 update: CR0=0x00000011
CR0 update: CR0=0x00000010
CR0 update: CR0=0x00000011
CR0 update: CR0=0x00000010
CR0 update: CR0=0x00000011
CR0 update: CR0=0x00000010
CR0 update: CR0=0x00000011
CR0 update: CR0=0x00000010
CR0 update: CR0=0x00000011
CR0 update: CR0=0x00000010
CR0 update: CR0=0x00000011
CR0 update: CR0=0x00000010
CR0 update: CR0=0x00000011
CR0 update: CR0=0x00000010
CR0 update: CR0=0x00000011
CR0 update: CR0=0x00000010
CR0 update: CR0=0x00000011
CR0 update: CR0=0x00000010
CR0 update: CR0=0x00000011
CR0 update: CR0=0x00000010
CR0 update: CR0=0x00000011
CR0 update: CR0=0x00000010
CR0 update: CR0=0x00000011
CR0 update: CR0=0x00000010
CR0 update: CR0=0x00000011
CR0 update: CR0=0x00000010
CR0 update: CR0=0x00000011
CR0 update: CR0=0x00000010
CR0 update: CR0=0x00000011
CR0 update: CR0=0x00000010
CR0 update: CR0=0x00000011
CR0 update: CR0=0x00000010
CR0 update: CR0=0x00000011
CR0 update: CR0=0x00000010
CR0 update: CR0=0x00000011
CR0 update: CR0=0x00000010
CR0 update: CR0=0x00000011
23468@1749286203.780439:ps2_keyboard_set_translation 0f18a6a8 mode 0
23468@1749286203.780439:ps2_keyboard_set_translation 0f18a6a8 mode 0
23468@1749286203.780439:ps2_keyboard_set_translation 0f18a6a8 mode 0
23468@1749286203.780439:ps2_keyboard_set_translation 0f18a6a8 mode 0
23468@1749286203.781435:ps2_keyboard_set_translation 0f18a6a8 mode 0
23468@1749286203.781435:ps2_keyboard_set_translation 0f18a6a8 mode 0
23468@1749286203.781435:ps2_keyboard_set_translation 0f18a6a8 mode 0
CR0 update: CR0=0x00000010
CR0 update: CR0=0x00000011
23468@1749286203.782432:ps2_keyboard_set_translation 0f18a6a8 mode 0
23468@1749286203.782432:ps2_keyboard_set_translation 0f18a6a8 mode 0
23468@1749286203.782432:ps2_keyboard_set_translation 0f18a6a8 mode 1
CR0 update: CR0=0x00000010
CR0 update: CR0=0x00000011
23468@1749286203.782432:ps2_keyboard_set_translation 0f18a6a8 mode 1
23468@1749286203.782432:ps2_keyboard_set_translation 0f18a6a8 mode 1
CR0 update: CR0=0x00000010
CR0 update: CR0=0x00000011
CR0 update: CR0=0x00000010
CR0 update: CR0=0x00000011
CR0 update: CR0=0x00000010
CR0 update: CR0=0x00000011
CR0 update: CR0=0x00000010
CR0 update: CR0=0x00000011
CR0 update: CR0=0x00000010
CR0 update: CR0=0x00000011
CR0 update: CR0=0x00000010
CR0 update: CR0=0x00000011
CR0 update: CR0=0x00000010
CR0 update: CR0=0x00000011
CR0 update: CR0=0x00000010
CR0 update: CR0=0x00000011
CR0 update: CR0=0x00000010
CR0 update: CR0=0x00000011
CR0 update: CR0=0x00000010
CR0 update: CR0=0x00000011
CR0 update: CR0=0x00000010
CR0 update: CR0=0x00000011
CR0 update: CR0=0x00000010
CR0 update: CR0=0x00000011
CR0 update: CR0=0x00000010
CR0 update: CR0=0x00000011
CR0 update: CR0=0x00000010
CR0 update: CR0=0x00000011
CR0 update: CR0=0x00000010
CR0 update: CR0=0x00000011
CR0 update: CR0=0x00000010
CR0 update: CR0=0x00000011
CR0 update: CR0=0x00000010
CR0 update: CR0=0x00000011
CR0 update: CR0=0x00000010
CR0 update: CR0=0x00000011
CR0 update: CR0=0x00000010
CR0 update: CR0=0x00000011
CR0 update: CR0=0x00000010
CR0 update: CR0=0x00000011
CR0 update: CR0=0x00000010
CR0 update: CR0=0x00000011
CR0 update: CR0=0x00000010
CR0 update: CR0=0x00000011
CR0 update: CR0=0x00000010
CR0 update: CR0=0x00000011
CR0 update: CR0=0x00000010
CR0 update: CR0=0x00000011
CR0 update: CR0=0x00000010
CR0 update: CR0=0x00000011
CR0 update: CR0=0x00000010
CR0 update: CR0=0x00000011
CR0 update: CR0=0x00000010
CR0 update: CR0=0x00000011
CR0 update: CR0=0x00000010
CR0 update: CR0=0x00000011
CR0 update: CR0=0x00000010
CR0 update: CR0=0x00000011
CR0 update: CR0=0x00000010
CR0 update: CR0=0x00000011
CR0 update: CR0=0x00000010
CR0 update: CR0=0x00000011
CR0 update: CR0=0x00000010
CR0 update: CR0=0x00000011
CR0 update: CR0=0x00000010
CR0 update: CR0=0x00000011
CR0 update: CR0=0x00000010
CR0 update: CR0=0x00000011
CR0 update: CR0=0x00000010
CR0 update: CR0=0x00000011
CR0 update: CR0=0x00000010
SMM: enter
EAX=000000b5 EBX=000f8ab2 ECX=00001234 EDX=0000de00
ESI=07fbde30 EDI=0000695a EBP=0000691a ESP=0000691a
EIP=00008ab1 EFL=00000002 [-------] CPL=0 II=0 A20=1 SMM=0 HLT=0
ES =de00 000de000 ffffffff 008f9300
CS =f000 000f0000 ffffffff 008f9b00
SS =0000 00000000 ffffffff 008f9300
DS =0000 00000000 ffffffff 008f9300
FS =0000 00000000 ffffffff 008f9300
GS =c980 000c9800 ffffffff 008f9300
LDT=0000 00000000 0000ffff 00008200
TR =0000 00000000 0000ffff 00008b00
GDT=     00000000 00000000
IDT=     00000000 000003ff
CR0=00000010 CR2=00000000 CR3=00000000 CR4=00000000
DR0=00000000 DR1=00000000 DR2=00000000 DR3=00000000 
DR6=ffff0ff0 DR7=00000400
CCS=00000000 CCD=0000691a CCO=EFLAGS  
EFER=0000000000000000
CR0 update: CR0=0x00000010
CR0 update: CR0=0x00000011
CR0 update: CR0=0x00000011
SMM: after RSM
EAX=000000b5 EBX=000f8ab2 ECX=00001234 EDX=0000de00
ESI=07fbde30 EDI=0000695a EBP=0000691a ESP=0000691a
EIP=000f8ab2 EFL=00000002 [-------] CPL=0 II=0 A20=1 SMM=0 HLT=0
ES =0010 00000000 ffffffff 00c09300 DPL=0 DS   [-WA]
CS =0008 00000000 ffffffff 00c09b00 DPL=0 CS32 [-RA]
SS =0010 00000000 ffffffff 00c09300 DPL=0 DS   [-WA]
DS =0010 00000000 ffffffff 00c09300 DPL=0 DS   [-WA]
FS =0010 00000000 ffffffff 00c09300 DPL=0 DS   [-WA]
GS =0010 00000000 ffffffff 00c09300 DPL=0 DS   [-WA]
LDT=0000 00000000 0000ffff 00008200 DPL=0 LDT
TR =0000 00000000 0000ffff 00008b00 DPL=0 TSS32-busy
GDT=     000f7070 00000037
IDT=     000f70ae 00000000
CR0=00000011 CR2=00000000 CR3=00000000 CR4=00000000
DR0=00000000 DR1=00000000 DR2=00000000 DR3=00000000 
DR6=ffff0ff0 DR7=00000400
CCS=00000000 CCD=00000000 CCO=EFLAGS  
EFER=0000000000000000
SMM: enter
EAX=000000b5 EBX=00008acc ECX=00005678 EDX=00000000
ESI=07fbde30 EDI=00000000 EBP=0000691a ESP=0000691a
EIP=000f8acb EFL=00000016 [----AP-] CPL=0 II=0 A20=1 SMM=0 HLT=0
ES =0010 00000000 ffffffff 00c09300 DPL=0 DS   [-WA]
CS =0008 00000000 ffffffff 00c09b00 DPL=0 CS32 [-RA]
SS =0010 00000000 ffffffff 00c09300 DPL=0 DS   [-WA]
DS =0010 00000000 ffffffff 00c09300 DPL=0 DS   [-WA]
FS =0010 00000000 ffffffff 00c09300 DPL=0 DS   [-WA]
GS =0010 00000000 ffffffff 00c09300 DPL=0 DS   [-WA]
LDT=0000 00000000 0000ffff 00008200 DPL=0 LDT
TR =0000 00000000 0000ffff 00008b00 DPL=0 TSS32-busy
GDT=     000f7070 00000037
IDT=     000f70ae 00000000
CR0=00000011 CR2=00000000 CR3=00000000 CR4=00000000
DR0=00000000 DR1=00000000 DR2=00000000 DR3=00000000 
DR6=ffff0ff0 DR7=00000400
CCS=00000014 CCD=00006906 CCO=EFLAGS  
EFER=0000000000000000
CR0 update: CR0=0x00000010
CR0 update: CR0=0x00000011
CR0 update: CR0=0x00000010
SMM: after RSM
EAX=000000b5 EBX=00008acc ECX=00005678 EDX=00000000
ESI=07fbde30 EDI=00000000 EBP=0000691a ESP=0000691a
EIP=00008acc EFL=00000002 [-------] CPL=0 II=0 A20=1 SMM=0 HLT=0
ES =de00 000de000 ffffffff 00809300
CS =f000 000f0000 ffffffff 00809b00
SS =0000 00000000 ffffffff 00809300
DS =0000 00000000 ffffffff 00809300
FS =0000 00000000 ffffffff 00809300
GS =c980 000c9800 ffffffff 00809300
LDT=0000 00000000 0000ffff 00008200
TR =0000 00000000 0000ffff 00008b00
GDT=     00000000 00000000
IDT=     00000000 000003ff
CR0=00000010 CR2=00000000 CR3=00000000 CR4=00000000
DR0=00000000 DR1=00000000 DR2=00000000 DR3=00000000 
DR6=ffff0ff0 DR7=00000400
CCS=00000000 CCD=00000000 CCO=EFLAGS  
EFER=0000000000000000
SMM: enter
EAX=000000b5 EBX=000f8ab2 ECX=00001234 EDX=0000de00
ESI=07fbde30 EDI=00006954 EBP=00006914 ESP=00006914
EIP=00008ab1 EFL=00000006 [-----P-] CPL=0 II=0 A20=1 SMM=0 HLT=0
ES =de00 000de000 ffffffff 00809300
CS =f000 000f0000 ffffffff 00809b00
SS =0000 00000000 ffffffff 00809300
DS =0000 00000000 ffffffff 00809300
FS =0000 00000000 ffffffff 00809300
GS =c980 000c9800 ffffffff 00809300
LDT=0000 00000000 0000ffff 00008200
TR =0000 00000000 0000ffff 00008b00
GDT=     00000000 00000000
IDT=     00000000 000003ff
CR0=00000010 CR2=00000000 CR3=00000000 CR4=00000000
DR0=00000000 DR1=00000000 DR2=00000000 DR3=00000000 
DR6=ffff0ff0 DR7=00000400
CCS=00000004 CCD=00006914 CCO=EFLAGS  
EFER=0000000000000000
CR0 update: CR0=0x00000010
CR0 update: CR0=0x00000011
CR0 update: CR0=0x00000011
SMM: after RSM
EAX=000000b5 EBX=000f8ab2 ECX=00001234 EDX=0000de00
ESI=07fbde30 EDI=00006954 EBP=00006914 ESP=00006914
EIP=000f8ab2 EFL=00000002 [-------] CPL=0 II=0 A20=1 SMM=0 HLT=0
ES =0010 00000000 ffffffff 00c09300 DPL=0 DS   [-WA]
CS =0008 00000000 ffffffff 00c09b00 DPL=0 CS32 [-RA]
SS =0010 00000000 ffffffff 00c09300 DPL=0 DS   [-WA]
DS =0010 00000000 ffffffff 00c09300 DPL=0 DS   [-WA]
FS =0010 00000000 ffffffff 00c09300 DPL=0 DS   [-WA]
GS =0010 00000000 ffffffff 00c09300 DPL=0 DS   [-WA]
LDT=0000 00000000 0000ffff 00008200 DPL=0 LDT
TR =0000 00000000 0000ffff 00008b00 DPL=0 TSS32-busy
GDT=     000f7070 00000037
IDT=     000f70ae 00000000
CR0=00000011 CR2=00000000 CR3=00000000 CR4=00000000
DR0=00000000 DR1=00000000 DR2=00000000 DR3=00000000 
DR6=ffff0ff0 DR7=00000400
CCS=00000000 CCD=00000000 CCO=EFLAGS  
EFER=0000000000000000
SMM: enter
EAX=000000b5 EBX=00008acc ECX=00005678 EDX=07f938b0
ESI=07fbde30 EDI=07f938b0 EBP=00006914 ESP=00006914
EIP=000f8acb EFL=00000016 [----AP-] CPL=0 II=0 A20=1 SMM=0 HLT=0
ES =0010 00000000 ffffffff 00c09300 DPL=0 DS   [-WA]
CS =0008 00000000 ffffffff 00c09b00 DPL=0 CS32 [-RA]
SS =0010 00000000 ffffffff 00c09300 DPL=0 DS   [-WA]
DS =0010 00000000 ffffffff 00c09300 DPL=0 DS   [-WA]
FS =0010 00000000 ffffffff 00c09300 DPL=0 DS   [-WA]
GS =0010 00000000 ffffffff 00c09300 DPL=0 DS   [-WA]
LDT=0000 00000000 0000ffff 00008200 DPL=0 LDT
TR =0000 00000000 0000ffff 00008b00 DPL=0 TSS32-busy
GDT=     000f7070 00000037
IDT=     000f70ae 00000000
CR0=00000011 CR2=00000000 CR3=00000000 CR4=00000000
DR0=00000000 DR1=00000000 DR2=00000000 DR3=00000000 
DR6=ffff0ff0 DR7=00000400
CCS=00000014 CCD=00006900 CCO=EFLAGS  
EFER=0000000000000000
CR0 update: CR0=0x00000010
CR0 update: CR0=0x00000011
CR0 update: CR0=0x00000010
SMM: after RSM
EAX=000000b5 EBX=00008acc ECX=00005678 EDX=07f938b0
ESI=07fbde30 EDI=07f938b0 EBP=00006914 ESP=00006914
EIP=00008acc EFL=00000006 [-----P-] CPL=0 II=0 A20=1 SMM=0 HLT=0
ES =de00 000de000 ffffffff 00809300
CS =f000 000f0000 ffffffff 00809b00
SS =0000 00000000 ffffffff 00809300
DS =0000 00000000 ffffffff 00809300
FS =0000 00000000 ffffffff 00809300
GS =c980 000c9800 ffffffff 00809300
LDT=0000 00000000 0000ffff 00008200
TR =0000 00000000 0000ffff 00008b00
GDT=     00000000 00000000
IDT=     00000000 000003ff
CR0=00000010 CR2=00000000 CR3=00000000 CR4=00000000
DR0=00000000 DR1=00000000 DR2=00000000 DR3=00000000 
DR6=ffff0ff0 DR7=00000400
CCS=00000004 CCD=00000000 CCO=EFLAGS  
EFER=0000000000000000
SMM: enter
EAX=000000b5 EBX=000f8ab2 ECX=00001234 EDX=0000de00
ESI=07fbde30 EDI=0000695a EBP=0000691a ESP=0000691a
EIP=00008ab1 EFL=00000002 [-------] CPL=0 II=0 A20=1 SMM=0 HLT=0
ES =de00 000de000 ffffffff 00809300
CS =f000 000f0000 ffffffff 00809b00
SS =0000 00000000 ffffffff 00809300
DS =0000 00000000 ffffffff 00809300
FS =0000 00000000 ffffffff 00809300
GS =c980 000c9800 ffffffff 00809300
LDT=0000 00000000 0000ffff 00008200
TR =0000 00000000 0000ffff 00008b00
GDT=     00000000 00000000
IDT=     00000000 000003ff
CR0=00000010 CR2=00000000 CR3=00000000 CR4=00000000
DR0=00000000 DR1=00000000 DR2=00000000 DR3=00000000 
DR6=ffff0ff0 DR7=00000400
CCS=00000000 CCD=0000691a CCO=EFLAGS  
EFER=0000000000000000
CR0 update: CR0=0x00000010
CR0 update: CR0=0x00000011
CR0 update: CR0=0x00000011
SMM: after RSM
EAX=000000b5 EBX=000f8ab2 ECX=00001234 EDX=0000de00
ESI=07fbde30 EDI=0000695a EBP=0000691a ESP=0000691a
EIP=000f8ab2 EFL=00000002 [-------] CPL=0 II=0 A20=1 SMM=0 HLT=0
ES =0010 00000000 ffffffff 00c09300 DPL=0 DS   [-WA]
CS =0008 00000000 ffffffff 00c09b00 DPL=0 CS32 [-RA]
SS =0010 00000000 ffffffff 00c09300 DPL=0 DS   [-WA]
DS =0010 00000000 ffffffff 00c09300 DPL=0 DS   [-WA]
FS =0010 00000000 ffffffff 00c09300 DPL=0 DS   [-WA]
GS =0010 00000000 ffffffff 00c09300 DPL=0 DS   [-WA]
LDT=0000 00000000 0000ffff 00008200 DPL=0 LDT
TR =0000 00000000 0000ffff 00008b00 DPL=0 TSS32-busy
GDT=     000f7070 00000037
IDT=     000f70ae 00000000
CR0=00000011 CR2=00000000 CR3=00000000 CR4=00000000
DR0=00000000 DR1=00000000 DR2=00000000 DR3=00000000 
DR6=ffff0ff0 DR7=00000400
CCS=00000000 CCD=00000000 CCO=EFLAGS  
EFER=0000000000000000
SMM: enter
EAX=000000b5 EBX=00008acc ECX=00005678 EDX=00000000
ESI=07fbde30 EDI=00000000 EBP=0000691a ESP=0000691a
EIP=000f8acb EFL=00000016 [----AP-] CPL=0 II=0 A20=1 SMM=0 HLT=0
ES =0010 00000000 ffffffff 00c09300 DPL=0 DS   [-WA]
CS =0008 00000000 ffffffff 00c09b00 DPL=0 CS32 [-RA]
SS =0010 00000000 ffffffff 00c09300 DPL=0 DS   [-WA]
DS =0010 00000000 ffffffff 00c09300 DPL=0 DS   [-WA]
FS =0010 00000000 ffffffff 00c09300 DPL=0 DS   [-WA]
GS =0010 00000000 ffffffff 00c09300 DPL=0 DS   [-WA]
LDT=0000 00000000 0000ffff 00008200 DPL=0 LDT
TR =0000 00000000 0000ffff 00008b00 DPL=0 TSS32-busy
GDT=     000f7070 00000037
IDT=     000f70ae 00000000
CR0=00000011 CR2=00000000 CR3=00000000 CR4=00000000
DR0=00000000 DR1=00000000 DR2=00000000 DR3=00000000 
DR6=ffff0ff0 DR7=00000400
CCS=00000014 CCD=00006906 CCO=EFLAGS  
EFER=0000000000000000
CR0 update: CR0=0x00000010
CR0 update: CR0=0x00000011
CR0 update: CR0=0x00000010
SMM: after RSM
EAX=000000b5 EBX=00008acc ECX=00005678 EDX=00000000
ESI=07fbde30 EDI=00000000 EBP=0000691a ESP=0000691a
EIP=00008acc EFL=00000002 [-------] CPL=0 II=0 A20=1 SMM=0 HLT=0
ES =de00 000de000 ffffffff 00809300
CS =f000 000f0000 ffffffff 00809b00
SS =0000 00000000 ffffffff 00809300
DS =0000 00000000 ffffffff 00809300
FS =0000 00000000 ffffffff 00809300
GS =c980 000c9800 ffffffff 00809300
LDT=0000 00000000 0000ffff 00008200
TR =0000 00000000 0000ffff 00008b00
GDT=     00000000 00000000
IDT=     00000000 000003ff
CR0=00000010 CR2=00000000 CR3=00000000 CR4=00000000
DR0=00000000 DR1=00000000 DR2=00000000 DR3=00000000 
DR6=ffff0ff0 DR7=00000400
CCS=00000000 CCD=00000000 CCO=EFLAGS  
EFER=0000000000000000
SMM: enter
EAX=000000b5 EBX=000f8ab2 ECX=00001234 EDX=0000de00
ESI=07fbde30 EDI=00006954 EBP=00006914 ESP=00006914
EIP=00008ab1 EFL=00000006 [-----P-] CPL=0 II=0 A20=1 SMM=0 HLT=0
ES =de00 000de000 ffffffff 00809300
CS =f000 000f0000 ffffffff 00809b00
SS =0000 00000000 ffffffff 00809300
DS =0000 00000000 ffffffff 00809300
FS =0000 00000000 ffffffff 00809300
GS =c980 000c9800 ffffffff 00809300
LDT=0000 00000000 0000ffff 00008200
TR =0000 00000000 0000ffff 00008b00
GDT=     00000000 00000000
IDT=     00000000 000003ff
CR0=00000010 CR2=00000000 CR3=00000000 CR4=00000000
DR0=00000000 DR1=00000000 DR2=00000000 DR3=00000000 
DR6=ffff0ff0 DR7=00000400
CCS=00000004 CCD=00006914 CCO=EFLAGS  
EFER=0000000000000000
CR0 update: CR0=0x00000010
CR0 update: CR0=0x00000011
CR0 update: CR0=0x00000011
SMM: after RSM
EAX=000000b5 EBX=000f8ab2 ECX=00001234 EDX=0000de00
ESI=07fbde30 EDI=00006954 EBP=00006914 ESP=00006914
EIP=000f8ab2 EFL=00000002 [-------] CPL=0 II=0 A20=1 SMM=0 HLT=0
ES =0010 00000000 ffffffff 00c09300 DPL=0 DS   [-WA]
CS =0008 00000000 ffffffff 00c09b00 DPL=0 CS32 [-RA]
SS =0010 00000000 ffffffff 00c09300 DPL=0 DS   [-WA]
DS =0010 00000000 ffffffff 00c09300 DPL=0 DS   [-WA]
FS =0010 00000000 ffffffff 00c09300 DPL=0 DS   [-WA]
GS =0010 00000000 ffffffff 00c09300 DPL=0 DS   [-WA]
LDT=0000 00000000 0000ffff 00008200 DPL=0 LDT
TR =0000 00000000 0000ffff 00008b00 DPL=0 TSS32-busy
GDT=     000f7070 00000037
IDT=     000f70ae 00000000
CR0=00000011 CR2=00000000 CR3=00000000 CR4=00000000
DR0=00000000 DR1=00000000 DR2=00000000 DR3=00000000 
DR6=ffff0ff0 DR7=00000400
CCS=00000000 CCD=00000000 CCO=EFLAGS  
EFER=0000000000000000
SMM: enter
EAX=000000b5 EBX=00008acc ECX=00005678 EDX=07ef38b0
ESI=07fbde30 EDI=07ef38b0 EBP=00006914 ESP=00006914
EIP=000f8acb EFL=00000016 [----AP-] CPL=0 II=0 A20=1 SMM=0 HLT=0
ES =0010 00000000 ffffffff 00c09300 DPL=0 DS   [-WA]
CS =0008 00000000 ffffffff 00c09b00 DPL=0 CS32 [-RA]
SS =0010 00000000 ffffffff 00c09300 DPL=0 DS   [-WA]
DS =0010 00000000 ffffffff 00c09300 DPL=0 DS   [-WA]
FS =0010 00000000 ffffffff 00c09300 DPL=0 DS   [-WA]
GS =0010 00000000 ffffffff 00c09300 DPL=0 DS   [-WA]
LDT=0000 00000000 0000ffff 00008200 DPL=0 LDT
TR =0000 00000000 0000ffff 00008b00 DPL=0 TSS32-busy
GDT=     000f7070 00000037
IDT=     000f70ae 00000000
CR0=00000011 CR2=00000000 CR3=00000000 CR4=00000000
DR0=00000000 DR1=00000000 DR2=00000000 DR3=00000000 
DR6=ffff0ff0 DR7=00000400
CCS=00000014 CCD=00006900 CCO=EFLAGS  
EFER=0000000000000000
CR0 update: CR0=0x00000010
CR0 update: CR0=0x00000011
CR0 update: CR0=0x00000010
SMM: after RSM
EAX=000000b5 EBX=00008acc ECX=00005678 EDX=07ef38b0
ESI=07fbde30 EDI=07ef38b0 EBP=00006914 ESP=00006914
EIP=00008acc EFL=00000006 [-----P-] CPL=0 II=0 A20=1 SMM=0 HLT=0
ES =de00 000de000 ffffffff 00809300
CS =f000 000f0000 ffffffff 00809b00
SS =0000 00000000 ffffffff 00809300
DS =0000 00000000 ffffffff 00809300
FS =0000 00000000 ffffffff 00809300
GS =c980 000c9800 ffffffff 00809300
LDT=0000 00000000 0000ffff 00008200
TR =0000 00000000 0000ffff 00008b00
GDT=     00000000 00000000
IDT=     00000000 000003ff
CR0=00000010 CR2=00000000 CR3=00000000 CR4=00000000
DR0=00000000 DR1=00000000 DR2=00000000 DR3=00000000 
DR6=ffff0ff0 DR7=00000400
CCS=00000004 CCD=00000000 CCO=EFLAGS  
EFER=0000000000000000
CR0 update: CR0=0x00000011
CR0 update: CR0=0x00000010
CR0 update: CR0=0x00000011
CR0 update: CR0=0x00000010
CR0 update: CR0=0x00000011
CR0 update: CR0=0x00000010
CR0 update: CR0=0x00000011
CR0 update: CR0=0x00000010
CR0 update: CR0=0x00000011
CR0 update: CR0=0x00000010
CR0 update: CR0=0x00000011
CR0 update: CR0=0x00000010
CR0 update: CR0=0x00000011
CR0 update: CR0=0x00000010
CR0 update: CR0=0x00000011
CR0 update: CR0=0x00000010
CR0 update: CR0=0x00000011
CR0 update: CR0=0x00000010
CR0 update: CR0=0x00000011
CR0 update: CR0=0x00000010
CR0 update: CR0=0x00000011
CR0 update: CR0=0x00000010
CR0 update: CR0=0x00000011
CR0 update: CR0=0x00000010
CR0 update: CR0=0x00000011
CR0 update: CR0=0x00000010
CR0 update: CR0=0x00000011
CR0 update: CR0=0x00000010
CR0 update: CR0=0x00000011
CR0 update: CR0=0x00000010
CR0 update: CR0=0x00000011
CR0 update: CR0=0x00000010
CR0 update: CR0=0x00000011
CR0 update: CR0=0x00000010
CR0 update: CR0=0x00000011
CR0 update: CR0=0x00000010
CR0 update: CR0=0x00000011
CR0 update: CR0=0x00000010
CR0 update: CR0=0x00000011
CR0 update: CR0=0x00000010
CR0 update: CR0=0x00000011
CR0 update: CR0=0x00000010
CR0 update: CR0=0x00000011
CR0 update: CR0=0x00000010
CR0 update: CR0=0x00000011
CR0 update: CR0=0x00000010
CR0 update: CR0=0x00000011
CR0 update: CR0=0x00000010
CR0 update: CR0=0x00000011
CR0 update: CR0=0x00000010
CR0 update: CR0=0x00000011
CR0 update: CR0=0x00000010
CR0 update: CR0=0x00000011
CR0 update: CR0=0x00000010
CR0 update: CR0=0x00000011
CR0 update: CR0=0x00000010
CR0 update: CR0=0x00000011
CR0 update: CR0=0x00000010
CR0 update: CR0=0x00000011
CR0 update: CR0=0x00000010
CR0 update: CR0=0x00000011
CR0 update: CR0=0x00000010
CR0 update: CR0=0x00000011
CR0 update: CR0=0x00000010
CR0 update: CR0=0x00000011
CR0 update: CR0=0x00000010
CR0 update: CR0=0x00000011
CR0 update: CR0=0x80000011
CR3 update: CR3=00016000
     0: v=20 e=0000 i=0 cpl=0 IP=0008:000118a3 pc=000118a3 SP=0010:0001bea4 env->regs[R_EAX]=00000010
EAX=00000010 EBX=00008000 ECX=00017145 EDX=00000001
ESI=00000000 EDI=00000000 EBP=0001bea4 ESP=0001bea4
EIP=000118a3 EFL=00000206 [-----P-] CPL=0 II=0 A20=1 SMM=0 HLT=0
ES =0010 00000000 ffffffff 00cf9300 DPL=0 DS   [-WA]
CS =0008 00000000 ffffffff 00cf9a00 DPL=0 CS32 [-R-]
SS =0010 00000000 ffffffff 00cf9300 DPL=0 DS   [-WA]
DS =0010 00000000 ffffffff 00cf9300 DPL=0 DS   [-WA]
FS =0010 00000000 ffffffff 00cf9300 DPL=0 DS   [-WA]
GS =0010 00000000 ffffffff 00cf9300 DPL=0 DS   [-WA]
LDT=0000 00000000 0000ffff 00008200 DPL=0 LDT
TR =0000 00000000 0000ffff 00008b00 DPL=0 TSS32-busy
GDT=     00019260 000007ff
IDT=     00019a80 000003ff
CR0=80000011 CR2=00000000 CR3=00016000 CR4=00000010
DR0=00000000 DR1=00000000 DR2=00000000 DR3=00000000 
DR6=ffff0ff0 DR7=00000400
CCS=00000008 CCD=0001beb4 CCO=SUBL    
EFER=0000000000000000
CR3 update: CR3=00121000
     1: v=20 e=0000 i=0 cpl=0 IP=0008:000118fd pc=000118fd SP=0010:0001bd24 env->regs[R_EAX]=00000206
EAX=00000206 EBX=00008000 ECX=800020cd EDX=000003f8
ESI=00000000 EDI=00000000 EBP=0001bd24 ESP=0001bd24
EIP=000118fd EFL=00000206 [-----P-] CPL=0 II=0 A20=1 SMM=0 HLT=0
ES =0010 00000000 ffffffff 00cf9300 DPL=0 DS   [-WA]
CS =0008 00000000 ffffffff 00cf9a00 DPL=0 CS32 [-R-]
SS =0010 00000000 ffffffff 00cf9300 DPL=0 DS   [-WA]
DS =0010 00000000 ffffffff 00cf9300 DPL=0 DS   [-WA]
FS =0010 00000000 ffffffff 00cf9300 DPL=0 DS   [-WA]
GS =0010 00000000 ffffffff 00cf9300 DPL=0 DS   [-WA]
LDT=0000 00000000 0000ffff 00008200 DPL=0 LDT
TR =0028 000171dc 00000068 00008900 DPL=0 TSS32-avl
GDT=     00019260 000007ff
IDT=     00019a80 000003ff
CR0=80000011 CR2=00000000 CR3=00121000 CR4=00000010
DR0=00000000 DR1=00000000 DR2=00000000 DR3=00000000 
DR6=ffff0ff0 DR7=00000400
CCS=00000004 CCD=0001bd3c CCO=EFLAGS  
EFER=0000000000000000
     2: v=20 e=0000 i=0 cpl=0 IP=0008:000118fd pc=000118fd SP=0010:0001bd24 env->regs[R_EAX]=00000206
EAX=00000206 EBX=00008000 ECX=800020cd EDX=000003f8
ESI=00000000 EDI=00000000 EBP=0001bd24 ESP=0001bd24
EIP=000118fd EFL=00000206 [-----P-] CPL=0 II=0 A20=1 SMM=0 HLT=0
ES =0010 00000000 ffffffff 00cf9300 DPL=0 DS   [-WA]
CS =0008 00000000 ffffffff 00cf9a00 DPL=0 CS32 [-R-]
SS =0010 00000000 ffffffff 00cf9300 DPL=0 DS   [-WA]
DS =0010 00000000 ffffffff 00cf9300 DPL=0 DS   [-WA]
FS =0010 00000000 ffffffff 00cf9300 DPL=0 DS   [-WA]
GS =0010 00000000 ffffffff 00cf9300 DPL=0 DS   [-WA]
LDT=0000 00000000 0000ffff 00008200 DPL=0 LDT
TR =0028 000171dc 00000068 00008900 DPL=0 TSS32-avl
GDT=     00019260 000007ff
IDT=     00019a80 000003ff
CR0=80000011 CR2=00000000 CR3=00121000 CR4=00000010
DR0=00000000 DR1=00000000 DR2=00000000 DR3=00000000 
DR6=ffff0ff0 DR7=00000400
CCS=00000004 CCD=0001bd3c CCO=EFLAGS  
EFER=0000000000000000
     3: v=20 e=0000 i=0 cpl=0 IP=0008:000118fd pc=000118fd SP=0010:0001bd24 env->regs[R_EAX]=00000206
EAX=00000206 EBX=00008000 ECX=800020cd EDX=000003f8
ESI=00000000 EDI=00000000 EBP=0001bd24 ESP=0001bd24
EIP=000118fd EFL=00000206 [-----P-] CPL=0 II=0 A20=1 SMM=0 HLT=0
ES =0010 00000000 ffffffff 00cf9300 DPL=0 DS   [-WA]
CS =0008 00000000 ffffffff 00cf9a00 DPL=0 CS32 [-R-]
SS =0010 00000000 ffffffff 00cf9300 DPL=0 DS   [-WA]
DS =0010 00000000 ffffffff 00cf9300 DPL=0 DS   [-WA]
FS =0010 00000000 ffffffff 00cf9300 DPL=0 DS   [-WA]
GS =0010 00000000 ffffffff 00cf9300 DPL=0 DS   [-WA]
LDT=0000 00000000 0000ffff 00008200 DPL=0 LDT
TR =0028 000171dc 00000068 00008900 DPL=0 TSS32-avl
GDT=     00019260 000007ff
IDT=     00019a80 000003ff
CR0=80000011 CR2=00000000 CR3=00121000 CR4=00000010
DR0=00000000 DR1=00000000 DR2=00000000 DR3=00000000 
DR6=ffff0ff0 DR7=00000400
CCS=00000004 CCD=0001bd3c CCO=EFLAGS  
EFER=0000000000000000
     4: v=20 e=0000 i=0 cpl=0 IP=0008:000118fd pc=000118fd SP=0010:0001bd24 env->regs[R_EAX]=00000206
EAX=00000206 EBX=00008000 ECX=800020cd EDX=000003f8
ESI=00000000 EDI=00000000 EBP=0001bd24 ESP=0001bd24
EIP=000118fd EFL=00000206 [-----P-] CPL=0 II=0 A20=1 SMM=0 HLT=0
ES =0010 00000000 ffffffff 00cf9300 DPL=0 DS   [-WA]
CS =0008 00000000 ffffffff 00cf9a00 DPL=0 CS32 [-R-]
SS =0010 00000000 ffffffff 00cf9300 DPL=0 DS   [-WA]
DS =0010 00000000 ffffffff 00cf9300 DPL=0 DS   [-WA]
FS =0010 00000000 ffffffff 00cf9300 DPL=0 DS   [-WA]
GS =0010 00000000 ffffffff 00cf9300 DPL=0 DS   [-WA]
LDT=0000 00000000 0000ffff 00008200 DPL=0 LDT
TR =0028 000171dc 00000068 00008900 DPL=0 TSS32-avl
GDT=     00019260 000007ff
IDT=     00019a80 000003ff
CR0=80000011 CR2=00000000 CR3=00121000 CR4=00000010
DR0=00000000 DR1=00000000 DR2=00000000 DR3=00000000 
DR6=ffff0ff0 DR7=00000400
CCS=00000004 CCD=0001bd3c CCO=EFLAGS  
EFER=0000000000000000
     5: v=20 e=0000 i=0 cpl=0 IP=0008:000118fd pc=000118fd SP=0010:0001bd24 env->regs[R_EAX]=00000206
EAX=00000206 EBX=00008000 ECX=800020cd EDX=000003f8
ESI=00000000 EDI=00000000 EBP=0001bd24 ESP=0001bd24
EIP=000118fd EFL=00000206 [-----P-] CPL=0 II=0 A20=1 SMM=0 HLT=0
ES =0010 00000000 ffffffff 00cf9300 DPL=0 DS   [-WA]
CS =0008 00000000 ffffffff 00cf9a00 DPL=0 CS32 [-R-]
SS =0010 00000000 ffffffff 00cf9300 DPL=0 DS   [-WA]
DS =0010 00000000 ffffffff 00cf9300 DPL=0 DS   [-WA]
FS =0010 00000000 ffffffff 00cf9300 DPL=0 DS   [-WA]
GS =0010 00000000 ffffffff 00cf9300 DPL=0 DS   [-WA]
LDT=0000 00000000 0000ffff 00008200 DPL=0 LDT
TR =0028 000171dc 00000068 00008900 DPL=0 TSS32-avl
GDT=     00019260 000007ff
IDT=     00019a80 000003ff
CR0=80000011 CR2=00000000 CR3=00121000 CR4=00000010
DR0=00000000 DR1=00000000 DR2=00000000 DR3=00000000 
DR6=ffff0ff0 DR7=00000400
CCS=00000004 CCD=0001bd3c CCO=EFLAGS  
EFER=0000000000000000
     6: v=20 e=0000 i=0 cpl=0 IP=0008:000118fd pc=000118fd SP=0010:0001bd24 env->regs[R_EAX]=00000206
EAX=00000206 EBX=00008000 ECX=800020cd EDX=000003f8
ESI=00000000 EDI=00000000 EBP=0001bd24 ESP=0001bd24
EIP=000118fd EFL=00000206 [-----P-] CPL=0 II=0 A20=1 SMM=0 HLT=0
ES =0010 00000000 ffffffff 00cf9300 DPL=0 DS   [-WA]
CS =0008 00000000 ffffffff 00cf9a00 DPL=0 CS32 [-R-]
SS =0010 00000000 ffffffff 00cf9300 DPL=0 DS   [-WA]
DS =0010 00000000 ffffffff 00cf9300 DPL=0 DS   [-WA]
FS =0010 00000000 ffffffff 00cf9300 DPL=0 DS   [-WA]
GS =0010 00000000 ffffffff 00cf9300 DPL=0 DS   [-WA]
LDT=0000 00000000 0000ffff 00008200 DPL=0 LDT
TR =0028 000171dc 00000068 00008900 DPL=0 TSS32-avl
GDT=     00019260 000007ff
IDT=     00019a80 000003ff
CR0=80000011 CR2=00000000 CR3=00121000 CR4=00000010
DR0=00000000 DR1=00000000 DR2=00000000 DR3=00000000 
DR6=ffff0ff0 DR7=00000400
CCS=00000004 CCD=0001bd3c CCO=EFLAGS  
EFER=0000000000000000
     7: v=20 e=0000 i=0 cpl=0 IP=0008:000118fd pc=000118fd SP=0010:0001bd24 env->regs[R_EAX]=00000206
EAX=00000206 EBX=00008000 ECX=800020cd EDX=000003f8
ESI=00000000 EDI=00000000 EBP=0001bd24 ESP=0001bd24
EIP=000118fd EFL=00000206 [-----P-] CPL=0 II=0 A20=1 SMM=0 HLT=0
ES =0010 00000000 ffffffff 00cf9300 DPL=0 DS   [-WA]
CS =0008 00000000 ffffffff 00cf9a00 DPL=0 CS32 [-R-]
SS =0010 00000000 ffffffff 00cf9300 DPL=0 DS   [-WA]
DS =0010 00000000 ffffffff 00cf9300 DPL=0 DS   [-WA]
FS =0010 00000000 ffffffff 00cf9300 DPL=0 DS   [-WA]
GS =0010 00000000 ffffffff 00cf9300 DPL=0 DS   [-WA]
LDT=0000 00000000 0000ffff 00008200 DPL=0 LDT
TR =0028 000171dc 00000068 00008900 DPL=0 TSS32-avl
GDT=     00019260 000007ff
IDT=     00019a80 000003ff
CR0=80000011 CR2=00000000 CR3=00121000 CR4=00000010
DR0=00000000 DR1=00000000 DR2=00000000 DR3=00000000 
DR6=ffff0ff0 DR7=00000400
CCS=00000004 CCD=0001bd3c CCO=EFLAGS  
EFER=0000000000000000
     8: v=20 e=0000 i=0 cpl=0 IP=0008:000118fd pc=000118fd SP=0010:0001bd24 env->regs[R_EAX]=00000206
EAX=00000206 EBX=00008000 ECX=800020cd EDX=000003f8
ESI=00000000 EDI=00000000 EBP=0001bd24 ESP=0001bd24
EIP=000118fd EFL=00000206 [-----P-] CPL=0 II=0 A20=1 SMM=0 HLT=0
ES =0010 00000000 ffffffff 00cf9300 DPL=0 DS   [-WA]
CS =0008 00000000 ffffffff 00cf9a00 DPL=0 CS32 [-R-]
SS =0010 00000000 ffffffff 00cf9300 DPL=0 DS   [-WA]
DS =0010 00000000 ffffffff 00cf9300 DPL=0 DS   [-WA]
FS =0010 00000000 ffffffff 00cf9300 DPL=0 DS   [-WA]
GS =0010 00000000 ffffffff 00cf9300 DPL=0 DS   [-WA]
LDT=0000 00000000 0000ffff 00008200 DPL=0 LDT
TR =0028 000171dc 00000068 00008900 DPL=0 TSS32-avl
GDT=     00019260 000007ff
IDT=     00019a80 000003ff
CR0=80000011 CR2=00000000 CR3=00121000 CR4=00000010
DR0=00000000 DR1=00000000 DR2=00000000 DR3=00000000 
DR6=ffff0ff0 DR7=00000400
CCS=00000004 CCD=0001bd3c CCO=EFLAGS  
EFER=0000000000000000
     9: v=20 e=0000 i=0 cpl=0 IP=0008:000118fd pc=000118fd SP=0010:0001bd24 env->regs[R_EAX]=00000206
EAX=00000206 EBX=00008000 ECX=800020cd EDX=000003f8
ESI=00000000 EDI=00000000 EBP=0001bd24 ESP=0001bd24
EIP=000118fd EFL=00000206 [-----P-] CPL=0 II=0 A20=1 SMM=0 HLT=0
ES =0010 00000000 ffffffff 00cf9300 DPL=0 DS   [-WA]
CS =0008 00000000 ffffffff 00cf9a00 DPL=0 CS32 [-R-]
SS =0010 00000000 ffffffff 00cf9300 DPL=0 DS   [-WA]
DS =0010 00000000 ffffffff 00cf9300 DPL=0 DS   [-WA]
FS =0010 00000000 ffffffff 00cf9300 DPL=0 DS   [-WA]
GS =0010 00000000 ffffffff 00cf9300 DPL=0 DS   [-WA]
LDT=0000 00000000 0000ffff 00008200 DPL=0 LDT
TR =0028 000171dc 00000068 00008900 DPL=0 TSS32-avl
GDT=     00019260 000007ff
IDT=     00019a80 000003ff
CR0=80000011 CR2=00000000 CR3=00121000 CR4=00000010
DR0=00000000 DR1=00000000 DR2=00000000 DR3=00000000 
DR6=ffff0ff0 DR7=00000400
CCS=00000004 CCD=0001bd3c CCO=EFLAGS  
EFER=0000000000000000
    10: v=20 e=0000 i=0 cpl=0 IP=0008:000118fd pc=000118fd SP=0010:0001bd24 env->regs[R_EAX]=00000206
EAX=00000206 EBX=00008000 ECX=800020cd EDX=000003f8
ESI=00000000 EDI=00000000 EBP=0001bd24 ESP=0001bd24
EIP=000118fd EFL=00000206 [-----P-] CPL=0 II=0 A20=1 SMM=0 HLT=0
ES =0010 00000000 ffffffff 00cf9300 DPL=0 DS   [-WA]
CS =0008 00000000 ffffffff 00cf9a00 DPL=0 CS32 [-R-]
SS =0010 00000000 ffffffff 00cf9300 DPL=0 DS   [-WA]
DS =0010 00000000 ffffffff 00cf9300 DPL=0 DS   [-WA]
FS =0010 00000000 ffffffff 00cf9300 DPL=0 DS   [-WA]
GS =0010 00000000 ffffffff 00cf9300 DPL=0 DS   [-WA]
LDT=0000 00000000 0000ffff 00008200 DPL=0 LDT
TR =0028 000171dc 00000068 00008900 DPL=0 TSS32-avl
GDT=     00019260 000007ff
IDT=     00019a80 000003ff
CR0=80000011 CR2=00000000 CR3=00121000 CR4=00000010
DR0=00000000 DR1=00000000 DR2=00000000 DR3=00000000 
DR6=ffff0ff0 DR7=00000400
CCS=00000004 CCD=0001bd3c CCO=EFLAGS  
EFER=0000000000000000
CR3 update: CR3=0012d000
    11: v=20 e=0000 i=0 cpl=0 IP=0008:000118fd pc=000118fd SP=0010:80000f40 env->regs[R_EAX]=00000282
EAX=00000282 EBX=00000000 ECX=00000000 EDX=000003f8
ESI=00000000 EDI=00000000 EBP=80000f40 ESP=80000f40
EIP=000118fd EFL=00000282 [--S----] CPL=0 II=0 A20=1 SMM=0 HLT=0
ES =0010 00000000 ffffffff 00cf9300 DPL=0 DS   [-WA]
CS =0008 00000000 ffffffff 00cf9a00 DPL=0 CS32 [-R-]
SS =0010 00000000 ffffffff 00cf9300 DPL=0 DS   [-WA]
DS =0010 00000000 ffffffff 00cf9300 DPL=0 DS   [-WA]
FS =0010 00000000 ffffffff 00cf9300 DPL=0 DS   [-WA]
GS =0010 00000000 ffffffff 00cf9300 DPL=0 DS   [-WA]
LDT=0000 00000000 0000ffff 00008200 DPL=0 LDT
TR =0028 000171dc 00000068 00008900 DPL=0 TSS32-avl
GDT=     00019260 000007ff
IDT=     00019a80 000003ff
CR0=80000011 CR2=00000000 CR3=0012d000 CR4=00000010
DR0=00000000 DR1=00000000 DR2=00000000 DR3=00000000 
DR6=ffff0ff0 DR7=00000400
CCS=00000080 CCD=80000f58 CCO=EFLAGS  
EFER=0000000000000000
CR3 update: CR3=0012d000
    12: v=20 e=0000 i=0 cpl=0 IP=0008:00012a2d pc=00012a2d SP=0010:80000f3c env->regs[R_EAX]=000000f8
EAX=000000f8 EBX=00000000 ECX=00000000 EDX=000000f7
ESI=00000000 EDI=00000000 EBP=80000f4c ESP=80000f3c
EIP=00012a2d EFL=00000202 [-------] CPL=0 II=0 A20=1 SMM=0 HLT=0
ES =0010 00000000 ffffffff 00cf9300 DPL=0 DS   [-WA]
CS =0008 00000000 ffffffff 00cf9a00 DPL=0 CS32 [-R-]
SS =0010 00000000 ffffffff 00cf9300 DPL=0 DS   [-WA]
DS =0010 00000000 ffffffff 00cf9300 DPL=0 DS   [-WA]
FS =0010 00000000 ffffffff 00cf9300 DPL=0 DS   [-WA]
GS =0010 00000000 ffffffff 00cf9300 DPL=0 DS   [-WA]
LDT=0000 00000000 0000ffff 00008200 DPL=0 LDT
TR =0028 000171dc 00000068 00008900 DPL=0 TSS32-avl
GDT=     00019260 000007ff
IDT=     00019a80 000003ff
CR0=80000011 CR2=00000000 CR3=0012d000 CR4=00000010
DR0=00000000 DR1=00000000 DR2=00000000 DR3=00000000 
DR6=ffff0ff0 DR7=00000400
CCS=00000000 CCD=000000f8 CCO=EFLAGS  
EFER=0000000000000000
CR3 update: CR3=0012d000
    13: v=20 e=0000 i=0 cpl=0 IP=0008:000118fd pc=000118fd SP=0010:80000f40 env->regs[R_EAX]=00000282
EAX=00000282 EBX=00000000 ECX=00000000 EDX=000003f8
ESI=00000000 EDI=00000000 EBP=80000f40 ESP=80000f40
EIP=000118fd EFL=00000282 [--S----] CPL=0 II=0 A20=1 SMM=0 HLT=0
ES =0010 00000000 ffffffff 00cf9300 DPL=0 DS   [-WA]
CS =0008 00000000 ffffffff 00cf9a00 DPL=0 CS32 [-R-]
SS =0010 00000000 ffffffff 00cf9300 DPL=0 DS   [-WA]
DS =0010 00000000 ffffffff 00cf9300 DPL=0 DS   [-WA]
FS =0010 00000000 ffffffff 00cf9300 DPL=0 DS   [-WA]
GS =0010 00000000 ffffffff 00cf9300 DPL=0 DS   [-WA]
LDT=0000 00000000 0000ffff 00008200 DPL=0 LDT
TR =0028 000171dc 00000068 00008900 DPL=0 TSS32-avl
GDT=     00019260 000007ff
IDT=     00019a80 000003ff
CR0=80000011 CR2=00000000 CR3=0012d000 CR4=00000010
DR0=00000000 DR1=00000000 DR2=00000000 DR3=00000000 
DR6=ffff0ff0 DR7=00000400
CCS=00000080 CCD=80000f58 CCO=EFLAGS  
EFER=0000000000000000
CR3 update: CR3=0012d000
    14: v=20 e=0000 i=0 cpl=0 IP=0008:000118fd pc=000118fd SP=0010:80000f40 env->regs[R_EAX]=00000282
EAX=00000282 EBX=00000000 ECX=00000000 EDX=000003f8
ESI=00000000 EDI=00000000 EBP=80000f40 ESP=80000f40
EIP=000118fd EFL=00000282 [--S----] CPL=0 II=0 A20=1 SMM=0 HLT=0
ES =0010 00000000 ffffffff 00cf9300 DPL=0 DS   [-WA]
CS =0008 00000000 ffffffff 00cf9a00 DPL=0 CS32 [-R-]
SS =0010 00000000 ffffffff 00cf9300 DPL=0 DS   [-WA]
DS =0010 00000000 ffffffff 00cf9300 DPL=0 DS   [-WA]
FS =0010 00000000 ffffffff 00cf9300 DPL=0 DS   [-WA]
GS =0010 00000000 ffffffff 00cf9300 DPL=0 DS   [-WA]
LDT=0000 00000000 0000ffff 00008200 DPL=0 LDT
TR =0028 000171dc 00000068 00008900 DPL=0 TSS32-avl
GDT=     00019260 000007ff
IDT=     00019a80 000003ff
CR0=80000011 CR2=00000000 CR3=0012d000 CR4=00000010
DR0=00000000 DR1=00000000 DR2=00000000 DR3=00000000 
DR6=ffff0ff0 DR7=00000400
CCS=00000080 CCD=80000f58 CCO=EFLAGS  
EFER=0000000000000000
