The target system is: Generic - 0.0.0 - 
The host system is: Windows - 10.0.19045 - AMD64
Compiling the C compiler identification source file "CMakeCCompilerId.c" succeeded.
Compiler: E:/BaiduNetdiskDownload/windows/x86_64-elf-tools-windows/bin/x86_64-elf-gcc.exe 
Build flags: -g;-c;-O0;-m32;-DRELEASE;-fno-pie;-fno-stack-protector;-fno-asynchronous-unwind-tables
Id flags:  

The output was:
0


Compilation of the C compiler identification source "CMakeCCompilerId.c" produced "CMakeCCompilerId.o"

The C compiler identification is GNU, found in "E:/ubuntu/diy-x86os/start/start/build/CMakeFiles/3.23.1/CompilerIdC/CMakeCCompilerId.o"

Determining if the C compiler works passed with the following output:
Change Dir: E:/ubuntu/diy-x86os/start/start/build/CMakeFiles/CMakeTmp

Run Build Command(s):C:/PROGRA~1/CMake/bin/ninja.exe cmTC_6a520 && [1/2] Building C object CMakeFiles/cmTC_6a520.dir/testCCompiler.c.obj
[2/2] Linking C executable cmTC_6a520
x86_64-elf-gcc.exe: warning: CMakeFiles/cmTC_6a520.dir/testCCompiler.c.obj: linker input file unused because linking not done



Checking whether the ASM compiler is GNU using "--version" matched "(GNU assembler)|(GCC)|(Free Software Foundation)":
x86_64-elf-gcc.exe (GCC) 7.1.0
Copyright (C) 2017 Free Software Foundation, Inc.
This is free software; see the source for copying conditions.  There is NO
warranty; not even for MERCHANTABILITY or FITNESS FOR A PARTICULAR PURPOSE.

